   This copy of MOLCAS is licensed to  Ignacio Fernandez Galvan
                                                                                                   
                                              ^^^^^            M O L C A S                         
                                             ^^^^^^^           version 8.1    
                               ^^^^^         ^^^^^^^                                               
                              ^^^^^^^        ^^^ ^^^                                               
                              ^^^^^^^       ^^^^ ^^^                                               
                              ^^^ ^^^       ^^^^ ^^^                                               
                              ^^^ ^^^^      ^^^  ^^^                                               
                              ^^^  ^^ ^^^^^  ^^  ^^^^                                              
                             ^^^^      ^^^^   ^   ^^^                                              
                             ^   ^^^   ^^^^   ^^^^  ^                                              
                            ^   ^^^^    ^^    ^^^^   ^                                             
                        ^^^^^   ^^^^^   ^^   ^^^^^   ^^^^^                                         
                     ^^^^^^^^   ^^^^^        ^^^^^    ^^^^^^^                                      
                 ^^^^^^^^^^^    ^^^^^^      ^^^^^^^   ^^^^^^^^^^^                                  
               ^^^^^^^^^^^^^   ^^^^^^^^^^^^^^^^^^^^   ^^^^^^^^^^^^^                                
               ^^^^^^^^^^^^^   ^^^^             ^^^   ^^^      ^^^^                                
               ^^^^^^^^^^^^^                          ^^^      ^^^^                                
               ^^^^^^^^^^^^^       ^^^^^^^^^^^^        ^^      ^^^^                                
               ^^^^^^^^^^^^      ^^^^^^^^^^^^^^^^      ^^      ^^^^                                
               ^^^^^^^^^^^^    ^^^^^^^^^^^^^^^^^^^^    ^^      ^^^^                                
               ^^^^^^^^^^^^    ^^^^^^^^^^^^^^^^^^^^    ^^      ^^^^    ^^^^^     ^^^    ^^^^^^     
               ^^^^^^^^^^^^   ^^^^^^^^^^^^^^^^^^^^^^   ^^      ^^^^   ^^^^^^^    ^^^   ^^^  ^^^    
               ^^^^^^^^^^^    ^^^^^^^^^^^^^^^^^^^^^^   ^       ^^^^  ^^^    ^^   ^^^   ^^    ^^    
               ^^^^^^^^^^^     ^^^^^^^^^^^^^^^^^^^^            ^^^^  ^^         ^^ ^^  ^^^^^       
               ^^^^^^^^^^      ^^^^^^^^^^^^^^^^^^^^        ^   ^^^^  ^^         ^^ ^^   ^^^^^^     
               ^^^^^^^^          ^^^^^^^^^^^^^^^^          ^   ^^^^  ^^        ^^^^^^^     ^^^^    
               ^^^^^^      ^^^     ^^^^^^^^^^^^     ^      ^   ^^^^  ^^^   ^^^ ^^^^^^^ ^^    ^^    
                         ^^^^^^                    ^^      ^   ^^^^   ^^^^^^^  ^^   ^^ ^^^  ^^^    
                      ^^^^^^^^^^^^             ^^^^^^      ^           ^^^^^  ^^     ^^ ^^^^^^     
               ^^^^^^^^^^^^^^^^^^^^^^^^^^^^^^^^^^^^^^^^^^^^^^^^^^^^                                
                 ^^^^^^^^^^^^^^^^^^^^^^^^^^^^^^^^^^^^^^^^^^^^^^^^                                  
                     ^^^^^^^^^^^^^^^^^^^^^^^^^^^^^^^^^^^^^^^^                                      
                        ^^^^^^^^^^^^^^^^^^^^^^^^^^^^^^^^^^                                         
                            ^^^^^^^^^^^^^^^^^^^^^^^^^^                                             
                               ^^^^^^^^^^^^^^^^^^^^                                                
                                   ^^^^^^^^^^^^                                                    
                                       ^^^^^^                                                      

                           Copyright, all rights, reserved:                                        
                         Permission is hereby granted to use                                       
                but not to reproduce or distribute any part of this                                
             program. The use is restricted to research purposes only.                             
                            Lund University Sweden, 2010.                                          
                                                                                                   
 For the author list and the recommended citation consult section 1.5 of the MOLCAS user's guide.  



   -------------------------------------------------------------------
  |                                                                   
  |   Project         = ch2o
  |   Submitted from  = /home/taoli/Projects/ch2o
  |   Scratch area    = /home/taoli/Projects/ch2o/Work
  |   Save outputs to = Save
  |   Molcas          = /usr/local/molcas
  |                                                                   
  |   Scratch area is NOT empty
  |                                                                   
  | MOLCAS_REDUCE_PRT = NO                  
  |     MOLCAS_MOLDEN = ON                  
  |        MOLCAS_MEM = 4000                
  |       MOLCAS_GRID = NO                  
  |                                                                   
   -------------------------------------------------------------------
--- Start Module: auto at Mon Aug 24 17:47:17 2015 

++ ---------   Input file   ---------

  &GATEWAY
    Coord 
    ch2o.xyz
    Basis 
      6-31G
    Group 
    NoSym
  &SEWARD
  &SCF
    KSDFT 
    b3lyp
  &MBPT2
    Frozen 
      1
  &GRID_IT

-- ----------------------------------

--- Start Module: gateway at Mon Aug 24 17:47:17 2015 


()()()()()()()()()()()()()()()()()()()()()()()()()()()()()()()()()()()()()()()()()()()()()()()()()()
                                 MOLCAS executing module GATEWAY with 4000 MB of memory
                                              at 17:47:17 Mon Aug 24 2015
()()()()()()()()()()()()()()()()()()()()()()()()()()()()()()()()()()()()()()()()()()()()()()()()()()



++    Symmetry information:
      ---------------------

                    Character Table for C1 

                             E  
                    a        1  x, y, xy, Rz, z, xz, Ry, yz, Rx, I
--


++    Basis set information:
      ----------------------


      Basis set label:

      Valence basis set:
      ------------------
      Associated Effective Charge  6.000000 au
      Associated Actual Charge     6.000000 au
      Nuclear Model: Point charge

      Shell  nPrim  nBasis  Cartesian Spherical Contaminant
         s      10       3        X                  
         p       4       2        X                  


      Basis set label:

      Valence basis set:
      ------------------
      Associated Effective Charge  8.000000 au
      Associated Actual Charge     8.000000 au
      Nuclear Model: Point charge

      Shell  nPrim  nBasis  Cartesian Spherical Contaminant
         s      10       3        X                  
         p       4       2        X                  


      Basis set label:

      Valence basis set:
      ------------------
      Associated Effective Charge  1.000000 au
      Associated Actual Charge     1.000000 au
      Nuclear Model: Point charge

      Shell  nPrim  nBasis  Cartesian Spherical Contaminant
         s       4       2        X                  
--


++    Molecular structure info:
      -------------------------

                    ************************************************ 
                    **** Cartesian Coordinates / Bohr, Angstrom **** 
                    ************************************************ 

     Center  Label                x              y              z                     x              y              z
        1      C1              -1.786339       6.236474       0.000000             -0.945290       3.300200       0.000000
        2      O2               0.513665       6.492608       0.000000              0.271820       3.435740       0.000000
        3      H3              -2.722547       4.609741       0.900889             -1.440710       2.439370       0.476730
        4      H4              -3.057482       7.617392      -0.900889             -1.617950       4.030950      -0.476730

                    *************************************** 
                    *    InterNuclear Distances / Bohr    * 
                    *************************************** 

               1 C1            2 O2            3 H3            4 H4    
    1 C1       0.000000
    2 O2       2.314222        0.000000
    3 H3       2.081909        3.850956        0.000000
    4 H4       2.081908        3.850953        3.522009        0.000000

                    ******************************************* 
                    *    InterNuclear Distances / Angstrom    * 
                    ******************************************* 

               1 C1            2 O2            3 H3            4 H4    
    1 C1       0.000000
    2 O2       1.224634        0.000000
    3 H3       1.101699        2.037838        0.000000
    4 H4       1.101698        2.037836        1.863767        0.000000

                    ************************************** 
                    *    Valence Bond Angles / Degree    * 
                    ************************************** 
                          Atom centers                 Phi
                      2 O2       1 C1       3 H3       122.24
                      2 O2       1 C1       4 H4       122.24
                      3 H3       1 C1       4 H4       115.53
--


++    Rigid rotor info:
      -----------------


                    Total mass (a) :  30.01056

                    Center of mass 
                          X          Y          Z   
                      -0.63462    6.36473    0.00000

                    Reference system based on center of mass
                    Coordinates and Masses of Atoms, in au and A
                          X          Y          Z        Mass
                      -1.15172   -0.12826    0.00000   12.00000
                       1.14829    0.12788    0.00000   15.99491
                      -2.08793   -1.75499    0.90089    1.00782
                      -2.42286    1.25266   -0.90089    1.00782

                    The Moment of Inertia Tensor / au
                                     X          Y        Z     
                    X            0.1236E+05
                    Y            -.8669E+04 0.8924E+05
                    Z            -.5543E+03 0.4978E+04 0.9563E+05

                    The Principal Axes and Moments of Inertia (au)
                    Eigenvalues :0.9861E+05 0.8722E+05 0.1139E+05
                                     X'         Y'       Z'    
                    Eigenvectors:
                    X            -.5662E-01 -.9510E-01 0.9939E+00
                    Y            0.5084E+00 0.8540E+00 0.1107E+00
                    Z            0.8592E+00 -.5116E+00 -.7383E-07

                    The Rotational Constants
                            (cm-1)            (GHz)
                              1.113           33.361
                              1.258           37.719
                              9.631          288.721


                    *******************************************
                    *                                         *
                    * R I G I D - R O T O R   A N A L Y S I S *
                    *                                         *
                    *******************************************

                    j(Max):  5

                    Rotor Type: Linear Rotor
                    Asymmetry parameter: -0.966
                    Prolate = -1
                    Oblate  =  1


                    Rotational energies / cm-1

                    E(J= 0,kappa= 0) =        0.000

                    E(J= 1,kappa=-1) =        2.371
                    E(J= 1,kappa= 0) =       10.743
                    E(J= 1,kappa= 1) =       10.889

                    E(J= 2,kappa=-2) =        7.111
                    E(J= 2,kappa=-1) =       15.340
                    E(J= 2,kappa= 0) =       15.776
                    E(J= 2,kappa= 1) =       40.894
                    E(J= 2,kappa= 2) =       40.896

                    E(J= 3,kappa=-3) =       14.216
                    E(J= 3,kappa=-2) =       22.234
                    E(J= 3,kappa=-1) =       23.106
                    E(J= 3,kappa= 0) =       48.007
                    E(J= 3,kappa= 1) =       48.016
                    E(J= 3,kappa= 2) =       90.234
                    E(J= 3,kappa= 3) =       90.234

                    E(J= 4,kappa=-4) =       23.681
                    E(J= 4,kappa=-3) =       31.423
                    E(J= 4,kappa=-2) =       32.877
                    E(J= 4,kappa=-1) =       57.489
                    E(J= 4,kappa= 0) =       57.517
                    E(J= 4,kappa= 1) =       99.722
                    E(J= 4,kappa= 2) =       99.722
                    E(J= 4,kappa= 3) =      158.835
                    E(J= 4,kappa= 4) =      158.835

                    E(J= 5,kappa=-5) =       35.499
                    E(J= 5,kappa=-4) =       42.906
                    E(J= 5,kappa=-3) =       45.087
                    E(J= 5,kappa=-2) =       69.340
                    E(J= 5,kappa=-1) =       69.405
                    E(J= 5,kappa= 0) =      111.583
                    E(J= 5,kappa= 1) =      111.583
                    E(J= 5,kappa= 2) =      170.694
                    E(J= 5,kappa= 3) =      170.694
                    E(J= 5,kappa= 4) =      246.697
                    E(J= 5,kappa= 5) =      246.697
--


            Nuclear Potential Energy             30.94399354 au

--- Stop Module:  gateway at Mon Aug 24 17:47:17 2015 /rc=0 ---
*** files:   xmldump
    saved to directory /home/taoli/Projects/ch2o/Save

--- Start Module: seward at Mon Aug 24 17:47:17 2015 


()()()()()()()()()()()()()()()()()()()()()()()()()()()()()()()()()()()()()()()()()()()()()()()()()()
                                  MOLCAS executing module SEWARD with 4000 MB of memory
                                              at 17:47:17 Mon Aug 24 2015
()()()()()()()()()()()()()()()()()()()()()()()()()()()()()()()()()()()()()()()()()()()()()()()()()()


               SEWARD will generate:
                  Multipole Moment integrals up to order  2
                  Kinetic Energy integrals
                  Nuclear Attraction integrals (point charge)
                  One-Electron Hamiltonian integrals
                  Two-Electron Repulsion integrals

                   Integrals are discarded if absolute value <: 0.10E-13
                   Integral cutoff threshold is set to       <: 0.10E-15

            Nuclear Potential Energy             30.94399354 au


      Basis set specifications :
      Symmetry species         a  
      Basis functions           22


  Input file to MOLDEN was generated!

--- Stop Module:  seward at Mon Aug 24 17:47:17 2015 /rc=0 ---
*** files:   ch2o.guessorb.molden ch2o.GssOrb
    saved to directory /home/taoli/Projects/ch2o/Save

*** Making symbolic link for INPORB -> /home/taoli/Projects/ch2o/Work/ch2o.GssOrb
*** 
--- Start Module: scf at Mon Aug 24 17:47:17 2015 


()()()()()()()()()()()()()()()()()()()()()()()()()()()()()()()()()()()()()()()()()()()()()()()()()()
                                   MOLCAS executing module SCF with 4000 MB of memory
                                              at 17:47:17 Mon Aug 24 2015
()()()()()()()()()()()()()()()()()()()()()()()()()()()()()()()()()()()()()()()()()()()()()()()()()()


 ###############################################################################
 ###############################################################################
 ###                                                                         ###
 ###                                                                         ###
 ###     Minimized-density-differences option turned off!                    ###
 ###                                                                         ###
 ###                                                                         ###
 ###############################################################################
 ###############################################################################
++    Input section:
      --------------

      Header of the integral files:
      
       Integrals generated by seward 4.2.0  , Mon Aug 24 17:47:17 2015


      Cartesian coordinates in Angstrom:
      -----------------------------------------------------
      No.  Label        X            Y            Z        
      -----------------------------------------------------
       1   C1        -0.94529000   3.30020000   0.00000000
       2   O2         0.27182000   3.43574000   0.00000000
       3   H3        -1.44071000   2.43937000   0.47673000
       4   H4        -1.61795000   4.03095000  -0.47673000
      -----------------------------------------------------
      Nuclear repulsion energy =   30.94399354
--

++    Orbital specifications:
      -----------------------

      Symmetry species               1
                                     a
      Frozen orbitals                0
      Occupied orbitals              8
      Secondary orbitals            14
      Deleted orbitals               0
      Total number of orbitals      22
      Number of basis functions     22
--

      Molecular charge                           0.000


      The same grid will be used for all iterations.

++    Optimization specifications:
      ----------------------------

      SCF Algorithm: Conventional
      D(i)-D(i-1) density differences are used
      Number of density matrices in core                9
      Maximum number of NDDO SCF iterations           400
      Maximum number of HF  SCF iterations            400
      Threshold for SCF energy change            0.10E-08
      Threshold for density matrix               0.10E-03
      Threshold for Fock matrix                  0.15E-03
      Threshold for linear dependence            0.10E-08
      Threshold at which DIIS is turned on       0.15E+00
      Threshold at which QNR/C2DIIS is turned on 0.15E+00
      Threshold for Norm(delta) (QNR/C2DIIS)     0.20E-04
      DIIS extrapolation of the SCF procedure
      All orbitals punched on: SCFORB
--

      Input vectors read from INPORB
      Orbital file label: *Guess orbitals



++ Convergence information
                                   B3LYP      iterations: Energy and convergence statistics

Iter     Tot. B3LYP     One-electron     Two-electron   Energy   Max Dij or  Max Fij    DNorm      TNorm     AccCon    Time
           Energy          Energy          Energy       Change   Delta Norm                                          in Sec.
   1   -114.09733439   -226.83684492     81.79551699  0.00E+00   0.94E+00*  0.20E+00*   0.45E+01   0.49E+02   NoneDa    0.
   2   -113.47999300   -227.27498018     82.85099364  0.62E+00*  0.22E+00*  0.98E-01*   0.34E+01   0.38E+01   Damp      0.
   3   -114.37489148   -229.46097489     84.14208987 -0.89E+00*  0.29E+00*  0.81E-01*   0.11E+01   0.97E+00   Damp      0.
   4   -114.42360498   -228.70096642     83.33336789 -0.49E-01*  0.26E+00*  0.59E-01*   0.61E+00   0.80E+00   Damp      0.
   5   -114.41592440   -227.60827507     82.24835712  0.77E-02*  0.38E-01*  0.34E-01*   0.72E+00   0.87E+00   Damp      0.
   6   -114.46067638   -228.69764125     83.29297133 -0.45E-01*  0.26E-01*  0.34E-01*   0.13E+00   0.14E+00   QNRc2D    0.
   7   -114.46101466   -228.54490413     83.13989592 -0.34E-03*  0.96E-02*  0.48E-02*   0.59E-01   0.55E-01   QNRc2D    0.
   8   -114.46105890   -228.52074918     83.11569674 -0.44E-04*  0.24E-02*  0.21E-02*   0.23E-01   0.14E-01   QNRc2D    0.
   9   -114.46106549   -228.52981495     83.12475592 -0.66E-05*  0.26E-03*  0.19E-03*   0.17E-01   0.31E-02   QNRc2D    0.
  10   -114.46106564   -228.52860493     83.12354575 -0.15E-06*  0.40E-04*  0.26E-04    0.16E-02   0.51E-03   QNRc2D    0.
  11   -114.46106564   -228.52870692     83.12364773 -0.32E-08*  0.20E-05   0.67E-05    0.20E-03   0.53E-04   QNRc2D    0.
  12   -114.46106564   -228.52871101     83.12365183 -0.61E-11   0.12E-06   0.14E-06    0.92E-05   0.17E-05   QNRc2D    0.

       Convergence after 12 Macro Iterations and  2 additional LS Iterations...
--

 *****************************************************************************************************************************
 *                                                                                                                           *
 *                                             SCF/KS-DFT Program, Final results                                             *
 *                                                                                                                           *
 *                                                                                                                           *
 *                                                                                                                           *
 *                                                       Final Results                                                       *
 *                                                                                                                           *
 *****************************************************************************************************************************

::    Total KS-DFT energy                            -114.4610656386
      One-electron energy                            -228.5287110098
      Two-electron energy                              83.1236518284
      Nuclear repulsion energy                         30.9439935428
      Kinetic energy (interpolated)                   113.8396231275
      Virial theorem                                    1.0054589298
      Total spin, S(S+1)                                0.0000000000
      Total spin, S                                     0.0000000000
      Max non-diagonal density matrix element           0.0000000000
      Max non-diagonal Fock matrix element              0.0000001363


      All orbitals with orbital energies smaller than  E(LUMO)+0.5 are printed

++    Molecular orbitals:
      -------------------

      Title: RKS-DFT orbitals

 test print out

      Molecular orbitals for symmetry species 1: a  

          Orbital        1         2         3         4         5         6         7         8         9        10
          Energy      -19.1745  -10.2914   -1.0780   -0.6451   -0.5054   -0.4450   -0.4018   -0.2707   -0.0547    0.0994
          Occ. No.      2.0000    2.0000    2.0000    2.0000    2.0000    2.0000    2.0000    2.0000    0.0000    0.0000

        1 C1    1s      0.0002   -0.9950    0.1143    0.1633   -0.0000   -0.0290    0.0000    0.0000   -0.0000   -0.1313
        2 C1    2s     -0.0002   -0.0338   -0.2314   -0.3504    0.0000    0.1053   -0.0000   -0.0000    0.0000    0.2175
        3 C1    *s      0.0085    0.0174   -0.0595   -0.3305    0.0000    0.0116   -0.0000    0.0000    0.0000    1.8893
        4 C1    2px    -0.0001   -0.0012   -0.1924    0.2160    0.0433    0.3727    0.0211    0.0143   -0.0284   -0.2353
        5 C1    *px     0.0055   -0.0024    0.0372    0.0717    0.0176    0.0605    0.0125   -0.0058   -0.0320   -0.5927
        6 C1    2py    -0.0000   -0.0001   -0.0214    0.0241   -0.3891    0.0415   -0.1894   -0.1289    0.2552   -0.0262
        7 C1    *py     0.0006   -0.0003    0.0041    0.0080   -0.1581    0.0067   -0.1122    0.0520    0.2871   -0.0660
        8 C1    2pz     0.0000    0.0000    0.0000    0.0000    0.2331    0.0000   -0.3201    0.0772    0.4313    0.0000
        9 C1    *pz    -0.0000   -0.0000   -0.0000    0.0000    0.0947   -0.0000   -0.1896   -0.0311    0.4853    0.0000
       10 O2    1s      0.9951    0.0001    0.1945   -0.0865    0.0000    0.0907    0.0000   -0.0000    0.0000    0.0072
       11 O2    2s      0.0289    0.0003   -0.4346    0.2001   -0.0000   -0.1910   -0.0000    0.0000   -0.0000   -0.0209
       12 O2    *s     -0.0178    0.0002   -0.3976    0.2577   -0.0000   -0.3765   -0.0000   -0.0000    0.0000   -0.0260
       13 O2    2px    -0.0024   -0.0006    0.1873    0.0769    0.0263   -0.5135    0.0286   -0.0567    0.0257    0.0905
       14 O2    *px     0.0054   -0.0018    0.0626    0.0326    0.0129   -0.2503    0.0178   -0.0405    0.0264    0.1025
       15 O2    2py    -0.0003   -0.0001    0.0209    0.0086   -0.2365   -0.0572   -0.2571    0.5096   -0.2306    0.0101
       16 O2    *py     0.0006   -0.0002    0.0070    0.0036   -0.1157   -0.0279   -0.1595    0.3637   -0.2374    0.0114
       17 O2    2pz    -0.0000    0.0000    0.0000    0.0000    0.1417    0.0000   -0.4345   -0.3053   -0.3897   -0.0000
       18 O2    *pz     0.0000   -0.0000    0.0000    0.0000    0.0693    0.0000   -0.2696   -0.2179   -0.4011   -0.0000
       19 H3    1s     -0.0003    0.0012   -0.0271   -0.1860    0.1971   -0.0794   -0.0000    0.1894   -0.0000   -0.0956
       20 H3    *s      0.0001   -0.0049    0.0080   -0.0713    0.1195   -0.0805   -0.0000    0.2934   -0.0000   -1.3619
       21 H4    1s     -0.0003    0.0012   -0.0271   -0.1860   -0.1971   -0.0794   -0.0000   -0.1894   -0.0000   -0.0956
       22 H4    *s      0.0001   -0.0049    0.0080   -0.0713   -0.1195   -0.0805   -0.0000   -0.2934   -0.0000   -1.3619

          Orbital       11        12
          Energy        0.1745    0.2126
          Occ. No.      0.0000    0.0000

        1 C1    1s     -0.0000    0.0558
        2 C1    2s      0.0000    0.0001
        3 C1    *s      0.0000   -1.4179
        4 C1    2px    -0.0516   -0.1410
        5 C1    *px    -0.1269   -1.8904
        6 C1    2py     0.4633   -0.0157
        7 C1    *py     1.1392   -0.2105
        8 C1    2pz    -0.2775    0.0000
        9 C1    *pz    -0.6824    0.0000
       10 O2    1s     -0.0000   -0.0978
       11 O2    2s      0.0000    0.1491
       12 O2    *s      0.0000    1.8748
       13 O2    2px     0.0169   -0.2276
       14 O2    *px     0.0345   -0.8334
       15 O2    2py    -0.1515   -0.0253
       16 O2    *py    -0.3099   -0.0928
       17 O2    2pz     0.0908   -0.0000
       18 O2    *pz     0.1857   -0.0000
       19 H3    1s      0.0261    0.0141
       20 H3    *s      1.5737   -0.2374
       21 H4    1s     -0.0261    0.0141
       22 H4    *s     -1.5737   -0.2374
--


++    Molecular charges:
      ------------------

      Mulliken charges per centre and basis function type
      ---------------------------------------------------

             C1      O2      H3      H4    
      1s     1.9964  1.9974  0.5436  0.5436
      2s     0.7457  0.9377  0.0000  0.0000
      2px    0.7566  0.9345  0.0000  0.0000
      2pz    0.5513  0.8517  0.0000  0.0000
      2py    0.7028  1.0585  0.0000  0.0000
      *s     0.4999  1.0103  0.3344  0.3344
      *px    0.0622  0.3866  0.0000  0.0000
      *pz    0.2983  0.5404  0.0000  0.0000
      *py    0.2933  0.6205  0.0000  0.0000
      Total  5.9065  8.3376  0.8780  0.8780

      N-E    0.0935 -0.3376  0.1220  0.1220

      Total electronic charge=   16.000000

      Total            charge=   -0.000000
--


++    Molecular properties:
      ---------------------

      Charge (e):
                      =   -0.0000
      Dipole Moment (Debye):
      Origin of the operator (Ang)=    0.0000    0.0000    0.0000
                     X=   -2.4310               Y=   -0.2707               Z=   -0.0000           Total=    2.4460
      Quadrupole Moment (Debye*Ang):
      Origin of the operator (Ang)=   -0.3358    3.3681    0.0000
                    XX=  -11.9855              XY=   -0.0495              XZ=   -0.0031              YY=  -11.5463
                    YZ=    0.0282              ZZ=  -11.5100
      In traceless form (Debye*Ang)
                    XX=   -0.4573              XY=   -0.0743              XZ=   -0.0047              YY=    0.2014
                    YZ=    0.0423              ZZ=    0.2559
--


  Input file to MOLDEN was generated!

 ###############################################################################
 ###############################################################################
 ###                                                                         ###
 ###                                                                         ###
 ###    RunFile label nBas                                                   ###
 ###    was used       73 times                                              ###
 ###                                                                         ###
 ###                                                                         ###
 ###############################################################################
 ###############################################################################
--- Stop Module:  scf at Mon Aug 24 17:47:19 2015 /rc=0 ---
*** files:   ch2o.ScfOrb ch2o.scf.molden xmldump
    saved to directory /home/taoli/Projects/ch2o/Save

*** Making symbolic link for INPORB -> /home/taoli/Projects/ch2o/Work/ch2o.ScfOrb
*** 
--- Start Module: mbpt2 at Mon Aug 24 17:47:19 2015 


()()()()()()()()()()()()()()()()()()()()()()()()()()()()()()()()()()()()()()()()()()()()()()()()()()
                                  MOLCAS executing module MBPT2 with 4000 MB of memory
                                              at 17:47:19 Mon Aug 24 2015
()()()()()()()()()()()()()()()()()()()()()()()()()()()()()()()()()()()()()()()()()()()()()()()()()()



 ###############################################################################
 ###############################################################################
 ###                                                                         ###
 ###                                                                         ###
 ###    MP2 implementation intended for RHF references only                  ###
 ###                                                                         ###
 ###                                                                         ###
 ###############################################################################
 ###############################################################################
MBPT2 WARNING: Reference function according to RunFile:KS-DFT  
I'll assume you know what you're doing and continue


WARNING!
Default frozen orbitals as non valence orbitals is overwritten by user input.
Default values:   2


      Cartesian coordinates in Angstrom:
      -----------------------------------------------------
      No.  Label        X            Y            Z        
      -----------------------------------------------------
       1   C1        -0.94529000   3.30020000   0.00000000
       2   O2         0.27182000   3.43574000   0.00000000
       3   H3        -1.44071000   2.43937000   0.47673000
       4   H4        -1.61795000   4.03095000  -0.47673000
      -----------------------------------------------------
      Nuclear repulsion energy =   30.94399354

      Contents of RUNFILE file:
      -------------------------

      Symmetry species                           1
                                                 a
      Number of basis functions                 22
      Frozen occupied orbitals                   1
      Active occupied orbitals                   7
      Active external orbitals                  14
      Deleted external orbitals                  0


      Reference numbers of frozen occupied orbitals according to the original input sequence
      symmetry species 1                        1


      Energies of the active occupied orbitals

      symmetry species 1                   -10.291389     -1.077976     -0.645080     -0.505361     -0.444956
                                            -0.401832     -0.270665


      Energies of the active external orbitals

      symmetry species 1                    -0.054725      0.099405      0.174538      0.212614      0.506391
                                             0.620796      0.635880      0.712122      0.858424      0.879828
                                             0.951392      0.955388      1.104186      1.596242


      ********************************************************************************************************
      *                                               Results                                                *
      ********************************************************************************************************

 Conventional algorithm used...

       SCF energy                           =     -114.4610656386 a.u.
       Second-order correlation energy      =       -0.3518206053 a.u.

       Total energy                         =     -114.8128862438 a.u.
       Reference weight ( Cref**2 )         =        0.81476

::    Total MBPT2 energy                             -114.8128862438


       Zeroth-order energy (E0)             =      -34.6794793644 a.u.

       Shanks-type energy S1(E)             =     -114.8144445732 a.u.




       Data processing and timing information:

       Section                                              time(sec)
                                                          CPU  Elapsed

      Input data processing                              0.00      0.00
      Transformation of integrals                        0.00      0.01
      MBPT2 calculations (BJAI)                          0.00      0.00
      Total MBPT2 calculations                           0.00      0.01


--- Stop Module:  mbpt2 at Mon Aug 24 17:47:19 2015 /rc=0 ---
*** Making symbolic link for INPORB -> /home/taoli/Projects/ch2o/Work/ch2o.ScfOrb
*** 
--- Start Module: grid_it at Mon Aug 24 17:47:19 2015 


()()()()()()()()()()()()()()()()()()()()()()()()()()()()()()()()()()()()()()()()()()()()()()()()()()
                                 MOLCAS executing module GRID_IT with 4000 MB of memory
                                              at 17:47:19 Mon Aug 24 2015
()()()()()()()()()()()()()()()()()()()()()()()()()()()()()()()()()()()()()()()()()()()()()()()()()()


   Input vectors read from INPORB
   Orbital file label: * RKS-DFT orbitals
  Number of grid points in file:                  24025

  Total number of MOs               :                   22
  Number MOs for grid               :                   16
  Batches processed in increments of:                18432

++  list of grids
GridName=  1   15      0.6359 (0.00) s
GridName=  1   14      0.6208 (0.00) s
GridName=  1   13      0.5064 (0.00) s
GridName=  1   12      0.2126 (0.00) s
GridName=  1   11      0.1745 (0.00) s
GridName=  1   10      0.0994 (0.00) s
GridName=  1    9     -0.0547 (0.00) s
GridName=  1    8     -0.2707 (2.00) i
GridName=  1    7     -0.4018 (2.00) i
GridName=  1    6     -0.4450 (2.00) i
GridName=  1    5     -0.5054 (2.00) i
GridName=  1    4     -0.6451 (2.00) i
GridName=  1    3     -1.0780 (2.00) i
GridName=  1    2    -10.2914 (2.00) i
GridName=  1    1    -19.1745 (2.00) i
--

--- Stop Module:  grid_it at Mon Aug 24 17:47:19 2015 /rc=0 ---
*** files:   ch2o.grid
    saved to directory /home/taoli/Projects/ch2o/Save

    Timing: Wall=2 User=2.03 System=0.22 

     Happy landing!

--- Stop Module:  auto at Mon Aug 24 17:47:19 2015 /rc=0 ---
